0 verbose cli [
0 verbose cli   '/usr/bin/node',
0 verbose cli   '/usr/bin/npm',
0 verbose cli   'install',
0 verbose cli   '--ignore-scripts',
0 verbose cli   'types-registry@latest'
0 verbose cli ]
1 info using npm@8.5.1
2 info using node@v12.22.9
3 timing npm:load:whichnode Completed in 1ms
4 timing config:load:defaults Completed in 1ms
5 timing config:load:file:/usr/share/nodejs/npm/npmrc Completed in 4ms
6 timing config:load:builtin Completed in 4ms
7 timing config:load:cli Completed in 2ms
8 timing config:load:env Completed in 0ms
9 timing config:load:file:/home/mahesh/.cache/typescript/5.7/.npmrc Completed in 0ms
10 timing config:load:project Completed in 1ms
11 timing config:load:file:/home/mahesh/.npmrc Completed in 0ms
12 timing config:load:user Completed in 1ms
13 timing config:load:file:/etc/npmrc Completed in 0ms
14 timing config:load:global Completed in 0ms
15 timing config:load:validate Completed in 0ms
16 timing config:load:credentials Completed in 1ms
17 timing config:load:setEnvs Completed in 1ms
18 timing config:load Completed in 11ms
19 timing npm:load:configload Completed in 11ms
20 timing npm:load:setTitle Completed in 0ms
21 timing config:load:flatten Completed in 2ms
22 timing npm:load:display Completed in 2ms
23 verbose logfile /home/mahesh/.npm/_logs/2024-12-31T11_11_39_216Z-debug-0.log
24 timing npm:load:logFile Completed in 5ms
25 timing npm:load:timers Completed in 0ms
26 timing npm:load:configScope Completed in 0ms
27 timing npm:load Completed in 19ms
28 timing arborist:ctor Completed in 1ms
29 timing arborist:ctor Completed in 0ms
30 timing idealTree:init Completed in 20ms
31 http fetch GET 200 https://registry.npmjs.org/types-registry 1261ms (cache miss)
32 timing idealTree:userRequests Completed in 1271ms
33 silly idealTree buildDeps
34 silly fetch manifest types-registry@0.1.701
35 silly placeDep ROOT types-registry@0.1.701 OK for:  want: 0.1.701
36 timing idealTree:#root Completed in 5ms
37 timing idealTree:node_modules/types-registry Completed in 0ms
38 timing idealTree:buildDeps Completed in 6ms
39 timing idealTree:fixDepFlags Completed in 0ms
40 timing idealTree Completed in 1299ms
41 timing reify:loadTrees Completed in 1300ms
42 timing reify:diffTrees Completed in 1ms
43 silly reify moves {}
44 timing reify:retireShallow Completed in 0ms
45 timing reify:createSparse Completed in 2ms
46 timing reify:loadBundles Completed in 0ms
47 silly audit bulk request { 'types-registry': [ '0.1.701' ] }
48 silly tarball no local data for types-registry@https://registry.npmjs.org/types-registry/-/types-registry-0.1.701.tgz. Extracting by manifest.
49 http fetch GET 200 https://registry.npmjs.org/types-registry/-/types-registry-0.1.701.tgz 191ms (cache miss)
50 timing reifyNode:node_modules/types-registry Completed in 199ms
51 timing reify:unpack Completed in 200ms
52 timing reify:unretire Completed in 0ms
53 timing build:queue Completed in 0ms
54 timing build:deps Completed in 0ms
55 timing build Completed in 0ms
56 timing reify:build Completed in 1ms
57 timing reify:trash Completed in 0ms
58 timing reify:save Completed in 7ms
59 http fetch POST 200 https://registry.npmjs.org/-/npm/v1/security/advisories/bulk 302ms
60 timing auditReport:getReport Completed in 303ms
61 silly audit report {}
62 timing auditReport:init Completed in 0ms
63 timing reify:audit Completed in 304ms
64 timing reify Completed in 1613ms
65 silly ADD node_modules/types-registry
66 timing command:install Completed in 1617ms
67 verbose exit 0
68 timing npm Completed in 2035ms
69 info ok
