0 verbose cli [ '/usr/bin/node', '/usr/bin/npm', 'install' ]
1 info using npm@8.5.1
2 info using node@v12.22.9
3 timing npm:load:whichnode Completed in 0ms
4 timing config:load:defaults Completed in 1ms
5 timing config:load:file:/usr/share/nodejs/npm/npmrc Completed in 3ms
6 timing config:load:builtin Completed in 3ms
7 timing config:load:cli Completed in 2ms
8 timing config:load:env Completed in 1ms
9 timing config:load:file:/home/mahesh/sample-project/.npmrc Completed in 1ms
10 timing config:load:project Completed in 3ms
11 timing config:load:file:/home/mahesh/.npmrc Completed in 0ms
12 timing config:load:user Completed in 1ms
13 timing config:load:file:/etc/npmrc Completed in 0ms
14 timing config:load:global Completed in 0ms
15 timing config:load:validate Completed in 1ms
16 timing config:load:credentials Completed in 13ms
17 timing config:load:setEnvs Completed in 1ms
18 timing config:load Completed in 27ms
19 timing npm:load:configload Completed in 27ms
20 timing npm:load:setTitle Completed in 1ms
21 timing config:load:flatten Completed in 2ms
22 timing npm:load:display Completed in 4ms
23 verbose logfile /home/mahesh/.npm/_logs/2024-12-31T11_19_27_034Z-debug-0.log
24 timing npm:load:logFile Completed in 6ms
25 timing npm:load:timers Completed in 0ms
26 timing npm:load:configScope Completed in 0ms
27 timing npm:load Completed in 39ms
28 timing arborist:ctor Completed in 1ms
29 timing arborist:ctor Completed in 0ms
30 timing idealTree:init Completed in 20ms
31 timing idealTree:userRequests Completed in 0ms
32 silly idealTree buildDeps
33 silly fetch manifest express@^4.18.2
34 http fetch GET 200 https://registry.npmjs.org/express 1264ms (cache miss)
35 silly placeDep ROOT express@4.21.2 OK for: deploy-example@1.0.0 want: ^4.18.2
36 silly fetch manifest qs@6.13.0
37 silly fetch manifest depd@2.0.0
38 silly fetch manifest etag@~1.8.1
39 silly fetch manifest send@0.19.0
40 silly fetch manifest vary@~1.1.2
41 silly fetch manifest debug@2.6.9
42 silly fetch manifest fresh@0.5.2
43 silly fetch manifest cookie@0.7.1
44 silly fetch manifest accepts@~1.3.8
45 silly fetch manifest methods@~1.1.2
46 silly fetch manifest type-is@~1.6.18
47 silly fetch manifest parseurl@~1.3.3
48 silly fetch manifest statuses@2.0.1
49 silly fetch manifest encodeurl@~2.0.0
50 silly fetch manifest proxy-addr@~2.0.7
51 silly fetch manifest body-parser@1.20.3
52 silly fetch manifest escape-html@~1.0.3
53 silly fetch manifest http-errors@2.0.0
54 silly fetch manifest on-finished@2.4.1
55 silly fetch manifest safe-buffer@5.2.1
56 silly fetch manifest utils-merge@1.0.1
57 silly fetch manifest content-type@~1.0.4
58 silly fetch manifest finalhandler@1.3.1
59 silly fetch manifest range-parser@~1.2.1
60 silly fetch manifest serve-static@1.16.2
61 silly fetch manifest array-flatten@1.1.1
62 silly fetch manifest path-to-regexp@0.1.12
63 silly fetch manifest setprototypeof@1.2.0
64 silly fetch manifest cookie-signature@1.0.6
65 silly fetch manifest merge-descriptors@1.0.3
66 silly fetch manifest content-disposition@0.5.4
67 http fetch GET 200 https://registry.npmjs.org/qs 115ms (cache miss)
68 http fetch GET 200 https://registry.npmjs.org/body-parser 129ms (cache miss)
69 http fetch GET 200 https://registry.npmjs.org/escape-html 169ms (cache miss)
70 http fetch GET 200 https://registry.npmjs.org/http-errors 198ms (cache miss)
71 http fetch GET 200 https://registry.npmjs.org/on-finished 230ms (cache miss)
72 http fetch GET 200 https://registry.npmjs.org/safe-buffer 275ms (cache miss)
73 http fetch GET 200 https://registry.npmjs.org/utils-merge 308ms (cache miss)
74 http fetch GET 200 https://registry.npmjs.org/content-type 344ms (cache miss)
75 http fetch GET 200 https://registry.npmjs.org/finalhandler 385ms (cache miss)
76 http fetch GET 200 https://registry.npmjs.org/range-parser 418ms (cache miss)
77 http fetch GET 200 https://registry.npmjs.org/serve-static 448ms (cache miss)
78 http fetch GET 200 https://registry.npmjs.org/array-flatten 483ms (cache miss)
79 http fetch GET 200 https://registry.npmjs.org/path-to-regexp 513ms (cache miss)
80 http fetch GET 200 https://registry.npmjs.org/setprototypeof 541ms (cache miss)
81 http fetch GET 200 https://registry.npmjs.org/cookie-signature 587ms (cache miss)
82 http fetch GET 200 https://registry.npmjs.org/merge-descriptors 616ms (cache miss)
83 http fetch GET 200 https://registry.npmjs.org/content-disposition 648ms (cache miss)
84 http fetch GET 200 https://registry.npmjs.org/depd 239ms (cache miss)
85 http fetch GET 200 https://registry.npmjs.org/etag 251ms (cache miss)
86 http fetch GET 200 https://registry.npmjs.org/vary 267ms (cache miss)
87 http fetch GET 200 https://registry.npmjs.org/send 271ms (cache miss)
88 http fetch GET 200 https://registry.npmjs.org/fresh 306ms (cache miss)
89 http fetch GET 200 https://registry.npmjs.org/debug 311ms (cache miss)
90 http fetch GET 200 https://registry.npmjs.org/accepts 355ms (cache miss)
91 http fetch GET 200 https://registry.npmjs.org/cookie 357ms (cache miss)
92 http fetch GET 200 https://registry.npmjs.org/type-is 367ms (cache miss)
93 http fetch GET 200 https://registry.npmjs.org/methods 381ms (cache miss)
94 http fetch GET 200 https://registry.npmjs.org/encodeurl 395ms (cache miss)
95 http fetch GET 200 https://registry.npmjs.org/parseurl 409ms (cache miss)
96 http fetch GET 200 https://registry.npmjs.org/statuses 409ms (cache miss)
97 http fetch GET 200 https://registry.npmjs.org/proxy-addr 416ms (cache miss)
98 timing idealTree:#root Completed in 1714ms
99 silly placeDep ROOT accepts@1.3.8 OK for: express@4.21.2 want: ~1.3.8
100 silly placeDep ROOT array-flatten@1.1.1 OK for: express@4.21.2 want: 1.1.1
101 silly placeDep ROOT body-parser@1.20.3 OK for: express@4.21.2 want: 1.20.3
102 silly placeDep ROOT content-disposition@0.5.4 OK for: express@4.21.2 want: 0.5.4
103 silly placeDep ROOT content-type@1.0.5 OK for: express@4.21.2 want: ~1.0.4
104 silly placeDep ROOT cookie@0.7.1 OK for: express@4.21.2 want: 0.7.1
105 silly placeDep ROOT cookie-signature@1.0.6 OK for: express@4.21.2 want: 1.0.6
106 silly placeDep ROOT debug@2.6.9 OK for: express@4.21.2 want: 2.6.9
107 silly placeDep ROOT depd@2.0.0 OK for: express@4.21.2 want: 2.0.0
108 silly placeDep ROOT encodeurl@2.0.0 OK for: express@4.21.2 want: ~2.0.0
109 silly placeDep ROOT escape-html@1.0.3 OK for: express@4.21.2 want: ~1.0.3
110 silly placeDep ROOT etag@1.8.1 OK for: express@4.21.2 want: ~1.8.1
111 silly placeDep ROOT finalhandler@1.3.1 OK for: express@4.21.2 want: 1.3.1
112 silly placeDep ROOT fresh@0.5.2 OK for: express@4.21.2 want: 0.5.2
113 silly placeDep ROOT http-errors@2.0.0 OK for: express@4.21.2 want: 2.0.0
114 silly placeDep ROOT merge-descriptors@1.0.3 OK for: express@4.21.2 want: 1.0.3
115 silly placeDep ROOT methods@1.1.2 OK for: express@4.21.2 want: ~1.1.2
116 silly placeDep ROOT on-finished@2.4.1 OK for: express@4.21.2 want: 2.4.1
117 silly placeDep ROOT parseurl@1.3.3 OK for: express@4.21.2 want: ~1.3.3
118 silly placeDep ROOT path-to-regexp@0.1.12 OK for: express@4.21.2 want: 0.1.12
119 silly placeDep ROOT proxy-addr@2.0.7 OK for: express@4.21.2 want: ~2.0.7
120 silly placeDep ROOT qs@6.13.0 OK for: express@4.21.2 want: 6.13.0
121 silly placeDep ROOT range-parser@1.2.1 OK for: express@4.21.2 want: ~1.2.1
122 silly placeDep ROOT safe-buffer@5.2.1 OK for: express@4.21.2 want: 5.2.1
123 silly placeDep ROOT send@0.19.0 OK for: express@4.21.2 want: 0.19.0
124 silly placeDep ROOT serve-static@1.16.2 OK for: express@4.21.2 want: 1.16.2
125 silly placeDep ROOT setprototypeof@1.2.0 OK for: express@4.21.2 want: 1.2.0
126 silly placeDep ROOT statuses@2.0.1 OK for: express@4.21.2 want: 2.0.1
127 silly placeDep ROOT type-is@1.6.18 OK for: express@4.21.2 want: ~1.6.18
128 silly placeDep ROOT utils-merge@1.0.1 OK for: express@4.21.2 want: 1.0.1
129 silly placeDep ROOT vary@1.1.2 OK for: express@4.21.2 want: ~1.1.2
130 silly fetch manifest mime-types@~2.1.34
131 silly fetch manifest negotiator@0.6.3
132 silly fetch manifest bytes@3.1.2
133 silly fetch manifest unpipe@1.0.0
134 silly fetch manifest destroy@1.2.0
135 silly fetch manifest raw-body@2.5.2
136 silly fetch manifest iconv-lite@0.4.24
137 silly fetch manifest ms@2.0.0
138 silly fetch manifest unpipe@~1.0.0
139 silly fetch manifest inherits@2.0.4
140 silly fetch manifest toidentifier@1.0.1
141 silly fetch manifest ee-first@1.1.1
142 silly fetch manifest forwarded@0.2.0
143 silly fetch manifest ipaddr.js@1.9.1
144 silly fetch manifest side-channel@^1.0.6
145 silly fetch manifest ms@2.1.3
146 silly fetch manifest mime@1.6.0
147 silly fetch manifest encodeurl@~1.0.2
148 silly fetch manifest mime-types@~2.1.24
149 silly fetch manifest media-typer@0.3.0
150 http fetch GET 200 https://registry.npmjs.org/unpipe 98ms (cache miss)
151 http fetch GET 200 https://registry.npmjs.org/inherits 99ms (cache miss)
152 http fetch GET 200 https://registry.npmjs.org/bytes 102ms (cache miss)
153 http fetch GET 200 https://registry.npmjs.org/negotiator 105ms (cache miss)
154 http fetch GET 200 https://registry.npmjs.org/destroy 104ms (cache miss)
155 http fetch GET 200 https://registry.npmjs.org/ee-first 101ms (cache miss)
156 http fetch GET 200 https://registry.npmjs.org/forwarded 100ms (cache miss)
157 http fetch GET 200 https://registry.npmjs.org/ipaddr.js 101ms (cache miss)
158 http fetch GET 200 https://registry.npmjs.org/mime-types 109ms (cache miss)
159 http fetch GET 200 https://registry.npmjs.org/side-channel 103ms (cache miss)
160 http fetch GET 200 https://registry.npmjs.org/toidentifier 106ms (cache miss)
161 http fetch GET 200 https://registry.npmjs.org/iconv-lite 109ms (cache miss)
162 http fetch GET 200 https://registry.npmjs.org/raw-body 112ms (cache miss)
163 http fetch GET 200 https://registry.npmjs.org/media-typer 107ms (cache miss)
164 http fetch GET 200 https://registry.npmjs.org/mime 108ms (cache miss)
165 http fetch GET 200 https://registry.npmjs.org/ms 114ms (cache miss)
166 timing idealTree:node_modules/express Completed in 178ms
167 silly placeDep ROOT mime-types@2.1.35 OK for: accepts@1.3.8 want: ~2.1.34
168 silly placeDep ROOT negotiator@0.6.3 OK for: accepts@1.3.8 want: 0.6.3
169 silly fetch manifest mime-db@1.52.0
170 http fetch GET 200 https://registry.npmjs.org/mime-db 95ms (cache miss)
171 timing idealTree:node_modules/accepts Completed in 100ms
172 timing idealTree:node_modules/array-flatten Completed in 0ms
173 silly placeDep ROOT bytes@3.1.2 OK for: body-parser@1.20.3 want: 3.1.2
174 silly placeDep ROOT destroy@1.2.0 OK for: body-parser@1.20.3 want: 1.2.0
175 silly placeDep ROOT iconv-lite@0.4.24 OK for: body-parser@1.20.3 want: 0.4.24
176 silly placeDep ROOT raw-body@2.5.2 OK for: body-parser@1.20.3 want: 2.5.2
177 silly placeDep ROOT unpipe@1.0.0 OK for: body-parser@1.20.3 want: 1.0.0
178 silly fetch manifest safer-buffer@>= 2.1.2 < 3
179 http fetch GET 200 https://registry.npmjs.org/safer-buffer 37ms (cache miss)
180 timing idealTree:node_modules/body-parser Completed in 45ms
181 timing idealTree:node_modules/bytes Completed in 0ms
182 timing idealTree:node_modules/content-disposition Completed in 0ms
183 timing idealTree:node_modules/content-type Completed in 0ms
184 timing idealTree:node_modules/cookie Completed in 0ms
185 timing idealTree:node_modules/cookie-signature Completed in 0ms
186 silly placeDep ROOT ms@2.0.0 OK for: debug@2.6.9 want: 2.0.0
187 timing idealTree:node_modules/debug Completed in 1ms
188 timing idealTree:node_modules/depd Completed in 0ms
189 timing idealTree:node_modules/destroy Completed in 0ms
190 timing idealTree:node_modules/encodeurl Completed in 0ms
191 timing idealTree:node_modules/escape-html Completed in 0ms
192 timing idealTree:node_modules/etag Completed in 0ms
193 timing idealTree:node_modules/finalhandler Completed in 0ms
194 timing idealTree:node_modules/fresh Completed in 0ms
195 silly placeDep ROOT inherits@2.0.4 OK for: http-errors@2.0.0 want: 2.0.4
196 silly placeDep ROOT toidentifier@1.0.1 OK for: http-errors@2.0.0 want: 1.0.1
197 timing idealTree:node_modules/http-errors Completed in 1ms
198 silly placeDep ROOT safer-buffer@2.1.2 OK for: iconv-lite@0.4.24 want: >= 2.1.2 < 3
199 timing idealTree:node_modules/iconv-lite Completed in 1ms
200 timing idealTree:node_modules/inherits Completed in 0ms
201 timing idealTree:node_modules/merge-descriptors Completed in 0ms
202 timing idealTree:node_modules/methods Completed in 0ms
203 silly placeDep ROOT mime-db@1.52.0 OK for: mime-types@2.1.35 want: 1.52.0
204 timing idealTree:node_modules/mime-types Completed in 0ms
205 timing idealTree:node_modules/mime-db Completed in 0ms
206 timing idealTree:node_modules/ms Completed in 0ms
207 timing idealTree:node_modules/negotiator Completed in 0ms
208 silly placeDep ROOT ee-first@1.1.1 OK for: on-finished@2.4.1 want: 1.1.1
209 timing idealTree:node_modules/on-finished Completed in 0ms
210 timing idealTree:node_modules/ee-first Completed in 0ms
211 timing idealTree:node_modules/parseurl Completed in 0ms
212 timing idealTree:node_modules/path-to-regexp Completed in 0ms
213 silly placeDep ROOT forwarded@0.2.0 OK for: proxy-addr@2.0.7 want: 0.2.0
214 silly placeDep ROOT ipaddr.js@1.9.1 OK for: proxy-addr@2.0.7 want: 1.9.1
215 timing idealTree:node_modules/proxy-addr Completed in 2ms
216 timing idealTree:node_modules/forwarded Completed in 0ms
217 timing idealTree:node_modules/ipaddr.js Completed in 0ms
218 silly placeDep ROOT side-channel@1.1.0 OK for: qs@6.13.0 want: ^1.0.6
219 silly fetch manifest es-errors@^1.3.0
220 silly fetch manifest object-inspect@^1.13.3
221 silly fetch manifest side-channel-list@^1.0.0
222 silly fetch manifest side-channel-map@^1.0.1
223 silly fetch manifest side-channel-weakmap@^1.0.2
224 http fetch GET 200 https://registry.npmjs.org/side-channel-map 37ms (cache miss)
225 http fetch GET 200 https://registry.npmjs.org/es-errors 43ms (cache miss)
226 http fetch GET 200 https://registry.npmjs.org/side-channel-weakmap 49ms (cache miss)
227 http fetch GET 200 https://registry.npmjs.org/side-channel-list 51ms (cache miss)
228 http fetch GET 200 https://registry.npmjs.org/object-inspect 54ms (cache miss)
229 timing idealTree:node_modules/qs Completed in 56ms
230 timing idealTree:node_modules/range-parser Completed in 0ms
231 timing idealTree:node_modules/raw-body Completed in 0ms
232 timing idealTree:node_modules/safe-buffer Completed in 0ms
233 timing idealTree:node_modules/safer-buffer Completed in 0ms
234 silly placeDep node_modules/send encodeurl@1.0.2 OK for: send@0.19.0 want: ~1.0.2
235 silly placeDep ROOT mime@1.6.0 OK for: send@0.19.0 want: 1.6.0
236 silly placeDep node_modules/send ms@2.1.3 OK for: send@0.19.0 want: 2.1.3
237 timing idealTree:node_modules/send Completed in 4ms
238 timing idealTree:node_modules/mime Completed in 0ms
239 timing idealTree:node_modules/serve-static Completed in 0ms
240 timing idealTree:node_modules/setprototypeof Completed in 0ms
241 silly placeDep ROOT es-errors@1.3.0 OK for: side-channel@1.1.0 want: ^1.3.0
242 silly placeDep ROOT object-inspect@1.13.3 OK for: side-channel@1.1.0 want: ^1.13.3
243 silly placeDep ROOT side-channel-list@1.0.0 OK for: side-channel@1.1.0 want: ^1.0.0
244 silly placeDep ROOT side-channel-map@1.0.1 OK for: side-channel@1.1.0 want: ^1.0.1
245 silly placeDep ROOT side-channel-weakmap@1.0.2 OK for: side-channel@1.1.0 want: ^1.0.2
246 silly fetch manifest call-bound@^1.0.2
247 silly fetch manifest get-intrinsic@^1.2.5
248 http fetch GET 200 https://registry.npmjs.org/call-bound 35ms (cache miss)
249 http fetch GET 200 https://registry.npmjs.org/get-intrinsic 39ms (cache miss)
250 timing idealTree:node_modules/side-channel Completed in 50ms
251 timing idealTree:node_modules/es-errors Completed in 1ms
252 timing idealTree:node_modules/object-inspect Completed in 0ms
253 timing idealTree:node_modules/side-channel-list Completed in 0ms
254 silly placeDep ROOT call-bound@1.0.3 OK for: side-channel-map@1.0.1 want: ^1.0.2
255 silly placeDep ROOT get-intrinsic@1.2.6 OK for: side-channel-map@1.0.1 want: ^1.2.5
256 silly fetch manifest call-bind-apply-helpers@^1.0.1
257 silly fetch manifest dunder-proto@^1.0.0
258 silly fetch manifest es-define-property@^1.0.1
259 silly fetch manifest es-object-atoms@^1.0.0
260 silly fetch manifest function-bind@^1.1.2
261 silly fetch manifest gopd@^1.2.0
262 silly fetch manifest has-symbols@^1.1.0
263 silly fetch manifest hasown@^2.0.2
264 silly fetch manifest math-intrinsics@^1.0.0
265 http fetch GET 200 https://registry.npmjs.org/has-symbols 46ms (cache miss)
266 http fetch GET 200 https://registry.npmjs.org/es-define-property 51ms (cache miss)
267 http fetch GET 200 https://registry.npmjs.org/gopd 50ms (cache miss)
268 http fetch GET 200 https://registry.npmjs.org/hasown 49ms (cache miss)
269 http fetch GET 200 https://registry.npmjs.org/call-bind-apply-helpers 55ms (cache miss)
270 http fetch GET 200 https://registry.npmjs.org/dunder-proto 54ms (cache miss)
271 http fetch GET 200 https://registry.npmjs.org/es-object-atoms 72ms (cache miss)
272 http fetch GET 200 https://registry.npmjs.org/function-bind 73ms (cache miss)
273 http fetch GET 200 https://registry.npmjs.org/math-intrinsics 98ms (cache miss)
274 timing idealTree:node_modules/side-channel-map Completed in 108ms
275 silly placeDep ROOT call-bind-apply-helpers@1.0.1 OK for: call-bound@1.0.3 want: ^1.0.1
276 timing idealTree:node_modules/call-bound Completed in 2ms
277 silly placeDep ROOT function-bind@1.1.2 OK for: call-bind-apply-helpers@1.0.1 want: ^1.1.2
278 timing idealTree:node_modules/call-bind-apply-helpers Completed in 2ms
279 timing idealTree:node_modules/function-bind Completed in 0ms
280 silly placeDep ROOT dunder-proto@1.0.1 OK for: get-intrinsic@1.2.6 want: ^1.0.0
281 silly placeDep ROOT es-define-property@1.0.1 OK for: get-intrinsic@1.2.6 want: ^1.0.1
282 silly placeDep ROOT es-object-atoms@1.0.0 OK for: get-intrinsic@1.2.6 want: ^1.0.0
283 silly placeDep ROOT gopd@1.2.0 OK for: get-intrinsic@1.2.6 want: ^1.2.0
284 silly placeDep ROOT has-symbols@1.1.0 OK for: get-intrinsic@1.2.6 want: ^1.1.0
285 silly placeDep ROOT hasown@2.0.2 OK for: get-intrinsic@1.2.6 want: ^2.0.2
286 silly placeDep ROOT math-intrinsics@1.1.0 OK for: get-intrinsic@1.2.6 want: ^1.0.0
287 timing idealTree:node_modules/get-intrinsic Completed in 8ms
288 timing idealTree:node_modules/dunder-proto Completed in 0ms
289 timing idealTree:node_modules/es-define-property Completed in 0ms
290 timing idealTree:node_modules/es-object-atoms Completed in 0ms
291 timing idealTree:node_modules/gopd Completed in 0ms
292 timing idealTree:node_modules/has-symbols Completed in 0ms
293 timing idealTree:node_modules/hasown Completed in 0ms
294 timing idealTree:node_modules/math-intrinsics Completed in 0ms
295 timing idealTree:node_modules/side-channel-weakmap Completed in 0ms
296 timing idealTree:node_modules/statuses Completed in 0ms
297 timing idealTree:node_modules/toidentifier Completed in 0ms
298 silly placeDep ROOT media-typer@0.3.0 OK for: type-is@1.6.18 want: 0.3.0
299 timing idealTree:node_modules/type-is Completed in 1ms
300 timing idealTree:node_modules/media-typer Completed in 0ms
301 timing idealTree:node_modules/unpipe Completed in 0ms
302 timing idealTree:node_modules/utils-merge Completed in 0ms
303 timing idealTree:node_modules/vary Completed in 0ms
304 timing idealTree:node_modules/send/node_modules/encodeurl Completed in 0ms
305 timing idealTree:node_modules/send/node_modules/ms Completed in 0ms
306 timing idealTree:buildDeps Completed in 2282ms
307 timing idealTree:fixDepFlags Completed in 1ms
308 timing idealTree Completed in 2306ms
309 timing reify:loadTrees Completed in 2307ms
310 timing reify:diffTrees Completed in 1ms
311 silly reify moves {}
312 timing reify:retireShallow Completed in 1ms
313 timing reify:createSparse Completed in 27ms
314 timing reify:loadBundles Completed in 0ms
315 silly audit bulk request {
315 silly audit   express: [ '4.21.2' ],
315 silly audit   accepts: [ '1.3.8' ],
315 silly audit   'array-flatten': [ '1.1.1' ],
315 silly audit   'body-parser': [ '1.20.3' ],
315 silly audit   'content-disposition': [ '0.5.4' ],
315 silly audit   'content-type': [ '1.0.5' ],
315 silly audit   cookie: [ '0.7.1' ],
315 silly audit   'cookie-signature': [ '1.0.6' ],
315 silly audit   debug: [ '2.6.9' ],
315 silly audit   depd: [ '2.0.0' ],
315 silly audit   encodeurl: [ '2.0.0', '1.0.2' ],
315 silly audit   'escape-html': [ '1.0.3' ],
315 silly audit   etag: [ '1.8.1' ],
315 silly audit   finalhandler: [ '1.3.1' ],
315 silly audit   fresh: [ '0.5.2' ],
315 silly audit   'http-errors': [ '2.0.0' ],
315 silly audit   'merge-descriptors': [ '1.0.3' ],
315 silly audit   methods: [ '1.1.2' ],
315 silly audit   'on-finished': [ '2.4.1' ],
315 silly audit   parseurl: [ '1.3.3' ],
315 silly audit   'path-to-regexp': [ '0.1.12' ],
315 silly audit   'proxy-addr': [ '2.0.7' ],
315 silly audit   qs: [ '6.13.0' ],
315 silly audit   'range-parser': [ '1.2.1' ],
315 silly audit   'safe-buffer': [ '5.2.1' ],
315 silly audit   send: [ '0.19.0' ],
315 silly audit   'serve-static': [ '1.16.2' ],
315 silly audit   setprototypeof: [ '1.2.0' ],
315 silly audit   statuses: [ '2.0.1' ],
315 silly audit   'type-is': [ '1.6.18' ],
315 silly audit   'utils-merge': [ '1.0.1' ],
315 silly audit   vary: [ '1.1.2' ],
315 silly audit   'mime-types': [ '2.1.35' ],
315 silly audit   negotiator: [ '0.6.3' ],
315 silly audit   bytes: [ '3.1.2' ],
315 silly audit   destroy: [ '1.2.0' ],
315 silly audit   'iconv-lite': [ '0.4.24' ],
315 silly audit   'raw-body': [ '2.5.2' ],
315 silly audit   unpipe: [ '1.0.0' ],
315 silly audit   ms: [ '2.0.0', '2.1.3' ],
315 silly audit   inherits: [ '2.0.4' ],
315 silly audit   toidentifier: [ '1.0.1' ],
315 silly audit   'safer-buffer': [ '2.1.2' ],
315 silly audit   'mime-db': [ '1.52.0' ],
315 silly audit   'ee-first': [ '1.1.1' ],
315 silly audit   forwarded: [ '0.2.0' ],
315 silly audit   'ipaddr.js': [ '1.9.1' ],
315 silly audit   'side-channel': [ '1.1.0' ],
315 silly audit   mime: [ '1.6.0' ],
315 silly audit   'es-errors': [ '1.3.0' ],
315 silly audit   'object-inspect': [ '1.13.3' ],
315 silly audit   'side-channel-list': [ '1.0.0' ],
315 silly audit   'side-channel-map': [ '1.0.1' ],
315 silly audit   'side-channel-weakmap': [ '1.0.2' ],
315 silly audit   'call-bound': [ '1.0.3' ],
315 silly audit   'get-intrinsic': [ '1.2.6' ],
315 silly audit   'call-bind-apply-helpers': [ '1.0.1' ],
315 silly audit   'function-bind': [ '1.1.2' ],
315 silly audit   'dunder-proto': [ '1.0.1' ],
315 silly audit   'es-define-property': [ '1.0.1' ],
315 silly audit   'es-object-atoms': [ '1.0.0' ],
315 silly audit   gopd: [ '1.2.0' ],
315 silly audit   'has-symbols': [ '1.1.0' ],
315 silly audit   hasown: [ '2.0.2' ],
315 silly audit   'math-intrinsics': [ '1.1.0' ],
315 silly audit   'media-typer': [ '0.3.0' ]
315 silly audit }
316 silly tarball no local data for media-typer@https://registry.npmjs.org/media-typer/-/media-typer-0.3.0.tgz. Extracting by manifest.
317 silly tarball no local data for math-intrinsics@https://registry.npmjs.org/math-intrinsics/-/math-intrinsics-1.1.0.tgz. Extracting by manifest.
318 silly tarball no local data for hasown@https://registry.npmjs.org/hasown/-/hasown-2.0.2.tgz. Extracting by manifest.
319 silly tarball no local data for es-object-atoms@https://registry.npmjs.org/es-object-atoms/-/es-object-atoms-1.0.0.tgz. Extracting by manifest.
320 silly tarball no local data for has-symbols@https://registry.npmjs.org/has-symbols/-/has-symbols-1.1.0.tgz. Extracting by manifest.
321 silly tarball no local data for gopd@https://registry.npmjs.org/gopd/-/gopd-1.2.0.tgz. Extracting by manifest.
322 silly tarball no local data for es-define-property@https://registry.npmjs.org/es-define-property/-/es-define-property-1.0.1.tgz. Extracting by manifest.
323 silly tarball no local data for dunder-proto@https://registry.npmjs.org/dunder-proto/-/dunder-proto-1.0.1.tgz. Extracting by manifest.
324 silly tarball no local data for function-bind@https://registry.npmjs.org/function-bind/-/function-bind-1.1.2.tgz. Extracting by manifest.
325 silly tarball no local data for call-bound@https://registry.npmjs.org/call-bound/-/call-bound-1.0.3.tgz. Extracting by manifest.
326 silly tarball no local data for get-intrinsic@https://registry.npmjs.org/get-intrinsic/-/get-intrinsic-1.2.6.tgz. Extracting by manifest.
327 silly tarball no local data for side-channel-weakmap@https://registry.npmjs.org/side-channel-weakmap/-/side-channel-weakmap-1.0.2.tgz. Extracting by manifest.
328 silly tarball no local data for side-channel-map@https://registry.npmjs.org/side-channel-map/-/side-channel-map-1.0.1.tgz. Extracting by manifest.
329 silly tarball no local data for side-channel-list@https://registry.npmjs.org/side-channel-list/-/side-channel-list-1.0.0.tgz. Extracting by manifest.
330 silly tarball no local data for object-inspect@https://registry.npmjs.org/object-inspect/-/object-inspect-1.13.3.tgz. Extracting by manifest.
331 silly tarball no local data for es-errors@https://registry.npmjs.org/es-errors/-/es-errors-1.3.0.tgz. Extracting by manifest.
332 silly tarball no local data for side-channel@https://registry.npmjs.org/side-channel/-/side-channel-1.1.0.tgz. Extracting by manifest.
333 silly tarball no local data for call-bind-apply-helpers@https://registry.npmjs.org/call-bind-apply-helpers/-/call-bind-apply-helpers-1.0.1.tgz. Extracting by manifest.
334 silly tarball no local data for ipaddr.js@https://registry.npmjs.org/ipaddr.js/-/ipaddr.js-1.9.1.tgz. Extracting by manifest.
335 silly tarball no local data for mime@https://registry.npmjs.org/mime/-/mime-1.6.0.tgz. Extracting by manifest.
336 silly tarball no local data for forwarded@https://registry.npmjs.org/forwarded/-/forwarded-0.2.0.tgz. Extracting by manifest.
337 silly tarball no local data for ee-first@https://registry.npmjs.org/ee-first/-/ee-first-1.1.1.tgz. Extracting by manifest.
338 silly tarball no local data for mime-db@https://registry.npmjs.org/mime-db/-/mime-db-1.52.0.tgz. Extracting by manifest.
339 silly tarball no local data for safer-buffer@https://registry.npmjs.org/safer-buffer/-/safer-buffer-2.1.2.tgz. Extracting by manifest.
340 silly tarball no local data for toidentifier@https://registry.npmjs.org/toidentifier/-/toidentifier-1.0.1.tgz. Extracting by manifest.
341 silly tarball no local data for inherits@https://registry.npmjs.org/inherits/-/inherits-2.0.4.tgz. Extracting by manifest.
342 silly tarball no local data for ms@https://registry.npmjs.org/ms/-/ms-2.0.0.tgz. Extracting by manifest.
343 silly tarball no local data for unpipe@https://registry.npmjs.org/unpipe/-/unpipe-1.0.0.tgz. Extracting by manifest.
344 silly tarball no local data for raw-body@https://registry.npmjs.org/raw-body/-/raw-body-2.5.2.tgz. Extracting by manifest.
345 silly tarball no local data for iconv-lite@https://registry.npmjs.org/iconv-lite/-/iconv-lite-0.4.24.tgz. Extracting by manifest.
346 silly tarball no local data for bytes@https://registry.npmjs.org/bytes/-/bytes-3.1.2.tgz. Extracting by manifest.
347 silly tarball no local data for negotiator@https://registry.npmjs.org/negotiator/-/negotiator-0.6.3.tgz. Extracting by manifest.
348 silly tarball no local data for destroy@https://registry.npmjs.org/destroy/-/destroy-1.2.0.tgz. Extracting by manifest.
349 silly tarball no local data for vary@https://registry.npmjs.org/vary/-/vary-1.1.2.tgz. Extracting by manifest.
350 silly tarball no local data for mime-types@https://registry.npmjs.org/mime-types/-/mime-types-2.1.35.tgz. Extracting by manifest.
351 silly tarball no local data for utils-merge@https://registry.npmjs.org/utils-merge/-/utils-merge-1.0.1.tgz. Extracting by manifest.
352 silly tarball no local data for type-is@https://registry.npmjs.org/type-is/-/type-is-1.6.18.tgz. Extracting by manifest.
353 silly tarball no local data for statuses@https://registry.npmjs.org/statuses/-/statuses-2.0.1.tgz. Extracting by manifest.
354 silly tarball no local data for serve-static@https://registry.npmjs.org/serve-static/-/serve-static-1.16.2.tgz. Extracting by manifest.
355 silly tarball no local data for setprototypeof@https://registry.npmjs.org/setprototypeof/-/setprototypeof-1.2.0.tgz. Extracting by manifest.
356 silly tarball no local data for send@https://registry.npmjs.org/send/-/send-0.19.0.tgz. Extracting by manifest.
357 silly tarball no local data for safe-buffer@https://registry.npmjs.org/safe-buffer/-/safe-buffer-5.2.1.tgz. Extracting by manifest.
358 silly tarball no local data for range-parser@https://registry.npmjs.org/range-parser/-/range-parser-1.2.1.tgz. Extracting by manifest.
359 silly tarball no local data for qs@https://registry.npmjs.org/qs/-/qs-6.13.0.tgz. Extracting by manifest.
360 silly tarball no local data for proxy-addr@https://registry.npmjs.org/proxy-addr/-/proxy-addr-2.0.7.tgz. Extracting by manifest.
361 silly tarball no local data for path-to-regexp@https://registry.npmjs.org/path-to-regexp/-/path-to-regexp-0.1.12.tgz. Extracting by manifest.
362 silly tarball no local data for on-finished@https://registry.npmjs.org/on-finished/-/on-finished-2.4.1.tgz. Extracting by manifest.
363 silly tarball no local data for parseurl@https://registry.npmjs.org/parseurl/-/parseurl-1.3.3.tgz. Extracting by manifest.
364 silly tarball no local data for methods@https://registry.npmjs.org/methods/-/methods-1.1.2.tgz. Extracting by manifest.
365 silly tarball no local data for merge-descriptors@https://registry.npmjs.org/merge-descriptors/-/merge-descriptors-1.0.3.tgz. Extracting by manifest.
366 silly tarball no local data for http-errors@https://registry.npmjs.org/http-errors/-/http-errors-2.0.0.tgz. Extracting by manifest.
367 silly tarball no local data for fresh@https://registry.npmjs.org/fresh/-/fresh-0.5.2.tgz. Extracting by manifest.
368 silly tarball no local data for etag@https://registry.npmjs.org/etag/-/etag-1.8.1.tgz. Extracting by manifest.
369 silly tarball no local data for finalhandler@https://registry.npmjs.org/finalhandler/-/finalhandler-1.3.1.tgz. Extracting by manifest.
370 silly tarball no local data for depd@https://registry.npmjs.org/depd/-/depd-2.0.0.tgz. Extracting by manifest.
371 silly tarball no local data for encodeurl@https://registry.npmjs.org/encodeurl/-/encodeurl-2.0.0.tgz. Extracting by manifest.
372 silly tarball no local data for escape-html@https://registry.npmjs.org/escape-html/-/escape-html-1.0.3.tgz. Extracting by manifest.
373 silly tarball no local data for debug@https://registry.npmjs.org/debug/-/debug-2.6.9.tgz. Extracting by manifest.
374 silly tarball no local data for cookie-signature@https://registry.npmjs.org/cookie-signature/-/cookie-signature-1.0.6.tgz. Extracting by manifest.
375 silly tarball no local data for cookie@https://registry.npmjs.org/cookie/-/cookie-0.7.1.tgz. Extracting by manifest.
376 silly tarball no local data for content-type@https://registry.npmjs.org/content-type/-/content-type-1.0.5.tgz. Extracting by manifest.
377 silly tarball no local data for content-disposition@https://registry.npmjs.org/content-disposition/-/content-disposition-0.5.4.tgz. Extracting by manifest.
378 silly tarball no local data for body-parser@https://registry.npmjs.org/body-parser/-/body-parser-1.20.3.tgz. Extracting by manifest.
379 silly tarball no local data for accepts@https://registry.npmjs.org/accepts/-/accepts-1.3.8.tgz. Extracting by manifest.
380 silly tarball no local data for array-flatten@https://registry.npmjs.org/array-flatten/-/array-flatten-1.1.1.tgz. Extracting by manifest.
381 silly tarball no local data for express@https://registry.npmjs.org/express/-/express-4.21.2.tgz. Extracting by manifest.
382 silly tarball no local data for ms@https://registry.npmjs.org/ms/-/ms-2.1.3.tgz. Extracting by manifest.
383 silly tarball no local data for encodeurl@https://registry.npmjs.org/encodeurl/-/encodeurl-1.0.2.tgz. Extracting by manifest.
384 http fetch POST 200 https://registry.npmjs.org/-/npm/v1/security/advisories/bulk 459ms
385 timing auditReport:getReport Completed in 461ms
386 silly audit report {}
387 timing auditReport:init Completed in 0ms
388 timing reify:audit Completed in 462ms
389 http fetch GET 200 https://registry.npmjs.org/media-typer/-/media-typer-0.3.0.tgz 706ms (cache miss)
390 timing reifyNode:node_modules/media-typer Completed in 751ms
391 http fetch GET 200 https://registry.npmjs.org/destroy/-/destroy-1.2.0.tgz 649ms (cache miss)
392 timing reifyNode:node_modules/destroy Completed in 823ms
393 http fetch GET 200 https://registry.npmjs.org/forwarded/-/forwarded-0.2.0.tgz 692ms (cache miss)
394 timing reifyNode:node_modules/forwarded Completed in 831ms
395 http fetch GET 200 https://registry.npmjs.org/bytes/-/bytes-3.1.2.tgz 679ms (cache miss)
396 timing reifyNode:node_modules/bytes Completed in 849ms
397 http fetch GET 200 https://registry.npmjs.org/vary/-/vary-1.1.2.tgz 688ms (cache miss)
398 timing reifyNode:node_modules/vary Completed in 864ms
399 http fetch GET 200 https://registry.npmjs.org/merge-descriptors/-/merge-descriptors-1.0.3.tgz 627ms (cache miss)
400 timing reifyNode:node_modules/merge-descriptors Completed in 866ms
401 http fetch GET 200 https://registry.npmjs.org/toidentifier/-/toidentifier-1.0.1.tgz 728ms (cache miss)
402 timing reifyNode:node_modules/toidentifier Completed in 875ms
403 http fetch GET 200 https://registry.npmjs.org/encodeurl/-/encodeurl-2.0.0.tgz 617ms (cache miss)
404 timing reifyNode:node_modules/encodeurl Completed in 879ms
405 http fetch GET 200 https://registry.npmjs.org/ipaddr.js/-/ipaddr.js-1.9.1.tgz 765ms (cache miss)
406 timing reifyNode:node_modules/ipaddr.js Completed in 891ms
407 http fetch GET 200 https://registry.npmjs.org/path-to-regexp/-/path-to-regexp-0.1.12.tgz 678ms (cache miss)
408 timing reifyNode:node_modules/path-to-regexp Completed in 894ms
409 http fetch GET 200 https://registry.npmjs.org/proxy-addr/-/proxy-addr-2.0.7.tgz 685ms (cache miss)
410 timing reifyNode:node_modules/proxy-addr Completed in 899ms
411 http fetch GET 200 https://registry.npmjs.org/content-type/-/content-type-1.0.5.tgz 615ms (cache miss)
412 timing reifyNode:node_modules/content-type Completed in 901ms
413 http fetch GET 200 https://registry.npmjs.org/ms/-/ms-2.1.3.tgz 578ms (cache miss)
414 timing reifyNode:node_modules/send/node_modules/ms Completed in 911ms
415 http fetch GET 200 https://registry.npmjs.org/ee-first/-/ee-first-1.1.1.tgz 774ms (cache miss)
416 timing reifyNode:node_modules/ee-first Completed in 915ms
417 http fetch GET 200 https://registry.npmjs.org/serve-static/-/serve-static-1.16.2.tgz 722ms (cache miss)
418 timing reifyNode:node_modules/serve-static Completed in 918ms
419 http fetch GET 200 https://registry.npmjs.org/cookie-signature/-/cookie-signature-1.0.6.tgz 640ms (cache miss)
420 timing reifyNode:node_modules/cookie-signature Completed in 921ms
421 http fetch GET 200 https://registry.npmjs.org/es-object-atoms/-/es-object-atoms-1.0.0.tgz 874ms (cache miss)
422 timing reifyNode:node_modules/es-object-atoms Completed in 931ms
423 http fetch GET 200 https://registry.npmjs.org/hasown/-/hasown-2.0.2.tgz 884ms (cache miss)
424 timing reifyNode:node_modules/hasown Completed in 933ms
425 http fetch GET 200 https://registry.npmjs.org/ms/-/ms-2.0.0.tgz 780ms (cache miss)
426 timing reifyNode:node_modules/ms Completed in 937ms
427 http fetch GET 200 https://registry.npmjs.org/statuses/-/statuses-2.0.1.tgz 751ms (cache miss)
428 timing reifyNode:node_modules/statuses Completed in 940ms
429 http fetch GET 200 https://registry.npmjs.org/inherits/-/inherits-2.0.4.tgz 799ms (cache miss)
430 timing reifyNode:node_modules/inherits Completed in 948ms
431 http fetch GET 200 https://registry.npmjs.org/type-is/-/type-is-1.6.18.tgz 767ms (cache miss)
432 timing reifyNode:node_modules/type-is Completed in 955ms
433 http fetch GET 200 https://registry.npmjs.org/range-parser/-/range-parser-1.2.1.tgz 752ms (cache miss)
434 timing reifyNode:node_modules/range-parser Completed in 956ms
435 http fetch GET 200 https://registry.npmjs.org/on-finished/-/on-finished-2.4.1.tgz 739ms (cache miss)
436 timing reifyNode:node_modules/on-finished Completed in 957ms
437 http fetch GET 200 https://registry.npmjs.org/mime-types/-/mime-types-2.1.35.tgz 788ms (cache miss)
438 timing reifyNode:node_modules/mime-types Completed in 966ms
439 http fetch GET 200 https://registry.npmjs.org/cookie/-/cookie-0.7.1.tgz 690ms (cache miss)
440 timing reifyNode:node_modules/cookie Completed in 974ms
441 http fetch GET 200 https://registry.npmjs.org/unpipe/-/unpipe-1.0.0.tgz 823ms (cache miss)
442 timing reifyNode:node_modules/unpipe Completed in 981ms
443 http fetch GET 200 https://registry.npmjs.org/etag/-/etag-1.8.1.tgz 729ms (cache miss)
444 timing reifyNode:node_modules/etag Completed in 984ms
445 http fetch GET 200 https://registry.npmjs.org/gopd/-/gopd-1.2.0.tgz 932ms (cache miss)
446 timing reifyNode:node_modules/gopd Completed in 990ms
447 http fetch GET 200 https://registry.npmjs.org/side-channel-map/-/side-channel-map-1.0.1.tgz 895ms (cache miss)
448 timing reifyNode:node_modules/side-channel-map Completed in 993ms
449 http fetch GET 200 https://registry.npmjs.org/call-bound/-/call-bound-1.0.3.tgz 907ms (cache miss)
450 timing reifyNode:node_modules/call-bound Completed in 996ms
451 http fetch GET 200 https://registry.npmjs.org/negotiator/-/negotiator-0.6.3.tgz 827ms (cache miss)
452 timing reifyNode:node_modules/negotiator Completed in 998ms
453 http fetch GET 200 https://registry.npmjs.org/side-channel-weakmap/-/side-channel-weakmap-1.0.2.tgz 913ms (cache miss)
454 timing reifyNode:node_modules/side-channel-weakmap Completed in 1009ms
455 http fetch GET 200 https://registry.npmjs.org/side-channel/-/side-channel-1.1.0.tgz 897ms (cache miss)
456 timing reifyNode:node_modules/side-channel Completed in 1011ms
457 http fetch GET 200 https://registry.npmjs.org/side-channel-list/-/side-channel-list-1.0.0.tgz 917ms (cache miss)
458 timing reifyNode:node_modules/side-channel-list Completed in 1017ms
459 http fetch GET 200 https://registry.npmjs.org/utils-merge/-/utils-merge-1.0.1.tgz 835ms (cache miss)
460 timing reifyNode:node_modules/utils-merge Completed in 1019ms
461 http fetch GET 200 https://registry.npmjs.org/finalhandler/-/finalhandler-1.3.1.tgz 763ms (cache miss)
462 timing reifyNode:node_modules/finalhandler Completed in 1021ms
463 http fetch GET 200 https://registry.npmjs.org/accepts/-/accepts-1.3.8.tgz 723ms (cache miss)
464 timing reifyNode:node_modules/accepts Completed in 1023ms
465 http fetch GET 200 https://registry.npmjs.org/es-define-property/-/es-define-property-1.0.1.tgz 969ms (cache miss)
466 timing reifyNode:node_modules/es-define-property Completed in 1028ms
467 http fetch GET 200 https://registry.npmjs.org/setprototypeof/-/setprototypeof-1.2.0.tgz 833ms (cache miss)
468 timing reifyNode:node_modules/setprototypeof Completed in 1032ms
469 http fetch GET 200 https://registry.npmjs.org/parseurl/-/parseurl-1.3.3.tgz 803ms (cache miss)
470 timing reifyNode:node_modules/parseurl Completed in 1037ms
471 http fetch GET 200 https://registry.npmjs.org/safe-buffer/-/safe-buffer-5.2.1.tgz 837ms (cache miss)
472 timing reifyNode:node_modules/safe-buffer Completed in 1039ms
473 http fetch GET 200 https://registry.npmjs.org/array-flatten/-/array-flatten-1.1.1.tgz 718ms (cache miss)
474 timing reifyNode:node_modules/array-flatten Completed in 1042ms
475 http fetch GET 200 https://registry.npmjs.org/methods/-/methods-1.1.2.tgz 815ms (cache miss)
476 timing reifyNode:node_modules/methods Completed in 1052ms
477 http fetch GET 200 https://registry.npmjs.org/content-disposition/-/content-disposition-0.5.4.tgz 759ms (cache miss)
478 timing reifyNode:node_modules/content-disposition Completed in 1054ms
479 http fetch GET 200 https://registry.npmjs.org/fresh/-/fresh-0.5.2.tgz 812ms (cache miss)
480 timing reifyNode:node_modules/fresh Completed in 1056ms
481 http fetch GET 200 https://registry.npmjs.org/get-intrinsic/-/get-intrinsic-1.2.6.tgz 968ms (cache miss)
482 timing reifyNode:node_modules/get-intrinsic Completed in 1061ms
483 http fetch GET 200 https://registry.npmjs.org/safer-buffer/-/safer-buffer-2.1.2.tgz 919ms (cache miss)
484 timing reifyNode:node_modules/safer-buffer Completed in 1065ms
485 http fetch GET 200 https://registry.npmjs.org/escape-html/-/escape-html-1.0.3.tgz 792ms (cache miss)
486 timing reifyNode:node_modules/escape-html Completed in 1067ms
487 http fetch GET 200 https://registry.npmjs.org/encodeurl/-/encodeurl-1.0.2.tgz 738ms (cache miss)
488 timing reifyNode:node_modules/send/node_modules/encodeurl Completed in 1074ms
489 http fetch GET 200 https://registry.npmjs.org/http-errors/-/http-errors-2.0.0.tgz 837ms (cache miss)
490 timing reifyNode:node_modules/http-errors Completed in 1078ms
491 http fetch GET 200 https://registry.npmjs.org/function-bind/-/function-bind-1.1.2.tgz 1010ms (cache miss)
492 timing reifyNode:node_modules/function-bind Completed in 1084ms
493 http fetch GET 200 https://registry.npmjs.org/raw-body/-/raw-body-2.5.2.tgz 924ms (cache miss)
494 timing reifyNode:node_modules/raw-body Completed in 1086ms
495 http fetch GET 200 https://registry.npmjs.org/mime/-/mime-1.6.0.tgz 960ms (cache miss)
496 timing reifyNode:node_modules/mime Completed in 1096ms
497 http fetch GET 200 https://registry.npmjs.org/depd/-/depd-2.0.0.tgz 841ms (cache miss)
498 timing reifyNode:node_modules/depd Completed in 1102ms
499 http fetch GET 200 https://registry.npmjs.org/dunder-proto/-/dunder-proto-1.0.1.tgz 1037ms (cache miss)
500 timing reifyNode:node_modules/dunder-proto Completed in 1106ms
501 http fetch GET 200 https://registry.npmjs.org/has-symbols/-/has-symbols-1.1.0.tgz 1054ms (cache miss)
502 timing reifyNode:node_modules/has-symbols Completed in 1108ms
503 http fetch GET 200 https://registry.npmjs.org/math-intrinsics/-/math-intrinsics-1.1.0.tgz 1065ms (cache miss)
504 http fetch GET 200 https://registry.npmjs.org/call-bind-apply-helpers/-/call-bind-apply-helpers-1.0.1.tgz 1002ms (cache miss)
505 timing reifyNode:node_modules/call-bind-apply-helpers Completed in 1118ms
506 http fetch GET 200 https://registry.npmjs.org/send/-/send-0.19.0.tgz 920ms (cache miss)
507 timing reifyNode:node_modules/send Completed in 1120ms
508 http fetch GET 200 https://registry.npmjs.org/body-parser/-/body-parser-1.20.3.tgz 823ms (cache miss)
509 timing reifyNode:node_modules/body-parser Completed in 1121ms
510 timing reifyNode:node_modules/math-intrinsics Completed in 1127ms
511 http fetch GET 200 https://registry.npmjs.org/es-errors/-/es-errors-1.3.0.tgz 1021ms (cache miss)
512 timing reifyNode:node_modules/es-errors Completed in 1133ms
513 http fetch GET 200 https://registry.npmjs.org/debug/-/debug-2.6.9.tgz 866ms (cache miss)
514 timing reifyNode:node_modules/debug Completed in 1144ms
515 http fetch GET 200 https://registry.npmjs.org/mime-db/-/mime-db-1.52.0.tgz 1007ms (cache miss)
516 timing reifyNode:node_modules/mime-db Completed in 1151ms
517 http fetch GET 200 https://registry.npmjs.org/object-inspect/-/object-inspect-1.13.3.tgz 1071ms (cache miss)
518 timing reifyNode:node_modules/object-inspect Completed in 1175ms
519 http fetch GET 200 https://registry.npmjs.org/qs/-/qs-6.13.0.tgz 966ms (cache miss)
520 timing reifyNode:node_modules/qs Completed in 1178ms
521 http fetch GET 200 https://registry.npmjs.org/express/-/express-4.21.2.tgz 856ms (cache miss)
522 timing reifyNode:node_modules/express Completed in 1185ms
523 http fetch GET 200 https://registry.npmjs.org/iconv-lite/-/iconv-lite-0.4.24.tgz 1048ms (cache miss)
524 timing reifyNode:node_modules/iconv-lite Completed in 1215ms
525 timing reify:unpack Completed in 1218ms
526 timing reify:unretire Completed in 0ms
527 timing build:queue Completed in 6ms
528 timing build:link:node_modules/mime Completed in 7ms
529 timing build:link Completed in 7ms
530 timing build:deps Completed in 14ms
531 timing build Completed in 14ms
532 timing reify:build Completed in 15ms
533 timing reify:trash Completed in 0ms
534 timing reify:save Completed in 29ms
535 timing reify Completed in 3631ms
536 silly ADD node_modules/media-typer
537 silly ADD node_modules/math-intrinsics
538 silly ADD node_modules/hasown
539 silly ADD node_modules/has-symbols
540 silly ADD node_modules/gopd
541 silly ADD node_modules/es-object-atoms
542 silly ADD node_modules/es-define-property
543 silly ADD node_modules/dunder-proto
544 silly ADD node_modules/function-bind
545 silly ADD node_modules/call-bind-apply-helpers
546 silly ADD node_modules/get-intrinsic
547 silly ADD node_modules/call-bound
548 silly ADD node_modules/side-channel-weakmap
549 silly ADD node_modules/side-channel-map
550 silly ADD node_modules/side-channel-list
551 silly ADD node_modules/object-inspect
552 silly ADD node_modules/es-errors
553 silly ADD node_modules/mime
554 silly ADD node_modules/side-channel
555 silly ADD node_modules/ipaddr.js
556 silly ADD node_modules/forwarded
557 silly ADD node_modules/ee-first
558 silly ADD node_modules/mime-db
559 silly ADD node_modules/safer-buffer
560 silly ADD node_modules/toidentifier
561 silly ADD node_modules/inherits
562 silly ADD node_modules/ms
563 silly ADD node_modules/unpipe
564 silly ADD node_modules/raw-body
565 silly ADD node_modules/iconv-lite
566 silly ADD node_modules/destroy
567 silly ADD node_modules/bytes
568 silly ADD node_modules/negotiator
569 silly ADD node_modules/mime-types
570 silly ADD node_modules/vary
571 silly ADD node_modules/utils-merge
572 silly ADD node_modules/type-is
573 silly ADD node_modules/statuses
574 silly ADD node_modules/setprototypeof
575 silly ADD node_modules/serve-static
576 silly ADD node_modules/send
577 silly ADD node_modules/send/node_modules/ms
578 silly ADD node_modules/send/node_modules/encodeurl
579 silly ADD node_modules/safe-buffer
580 silly ADD node_modules/range-parser
581 silly ADD node_modules/qs
582 silly ADD node_modules/proxy-addr
583 silly ADD node_modules/path-to-regexp
584 silly ADD node_modules/parseurl
585 silly ADD node_modules/on-finished
586 silly ADD node_modules/methods
587 silly ADD node_modules/merge-descriptors
588 silly ADD node_modules/http-errors
589 silly ADD node_modules/fresh
590 silly ADD node_modules/finalhandler
591 silly ADD node_modules/etag
592 silly ADD node_modules/escape-html
593 silly ADD node_modules/encodeurl
594 silly ADD node_modules/depd
595 silly ADD node_modules/debug
596 silly ADD node_modules/cookie-signature
597 silly ADD node_modules/cookie
598 silly ADD node_modules/content-type
599 silly ADD node_modules/content-disposition
600 silly ADD node_modules/body-parser
601 silly ADD node_modules/array-flatten
602 silly ADD node_modules/accepts
603 silly ADD node_modules/express
604 timing command:install Completed in 3646ms
605 verbose exit 0
606 timing npm Completed in 4076ms
607 info ok
