0 verbose cli [
0 verbose cli   '/usr/bin/node',
0 verbose cli   '/usr/bin/npm',
0 verbose cli   'install',
0 verbose cli   '--ignore-scripts',
0 verbose cli   '@types/express@ts5.7',
0 verbose cli   '--save-dev',
0 verbose cli   '--user-agent=typesInstaller/5.7.2'
0 verbose cli ]
1 info using npm@8.5.1
2 info using node@v12.22.9
3 timing npm:load:whichnode Completed in 0ms
4 timing config:load:defaults Completed in 1ms
5 timing config:load:file:/usr/share/nodejs/npm/npmrc Completed in 3ms
6 timing config:load:builtin Completed in 3ms
7 timing config:load:cli Completed in 2ms
8 timing config:load:env Completed in 0ms
9 timing config:load:file:/home/mahesh/.cache/typescript/5.7/.npmrc Completed in 1ms
10 timing config:load:project Completed in 3ms
11 timing config:load:file:/home/mahesh/.npmrc Completed in 0ms
12 timing config:load:user Completed in 0ms
13 timing config:load:file:/etc/npmrc Completed in 1ms
14 timing config:load:global Completed in 1ms
15 timing config:load:validate Completed in 0ms
16 timing config:load:credentials Completed in 1ms
17 timing config:load:setEnvs Completed in 1ms
18 timing config:load Completed in 13ms
19 timing npm:load:configload Completed in 13ms
20 timing npm:load:setTitle Completed in 1ms
21 timing config:load:flatten Completed in 3ms
22 timing npm:load:display Completed in 3ms
23 verbose logfile /home/mahesh/.npm/_logs/2024-12-31T11_12_57_901Z-debug-0.log
24 timing npm:load:logFile Completed in 6ms
25 timing npm:load:timers Completed in 0ms
26 timing npm:load:configScope Completed in 0ms
27 timing npm:load Completed in 24ms
28 timing arborist:ctor Completed in 1ms
29 timing idealTree:init Completed in 14ms
30 timing arborist:ctor Completed in 0ms
31 http fetch GET 200 https://registry.npmjs.org/@types%2fexpress 194ms (cache miss)
32 timing idealTree:userRequests Completed in 200ms
33 silly idealTree buildDeps
34 silly fetch manifest @types/express@5.0.0
35 silly placeDep ROOT @types/express@5.0.0 OK for:  want: 5.0.0
36 silly fetch manifest @types/qs@*
37 silly fetch manifest @types/body-parser@*
38 silly fetch manifest @types/serve-static@*
39 silly fetch manifest @types/express-serve-static-core@^5.0.0
40 http fetch GET 200 https://registry.npmjs.org/@types%2fqs 72ms (cache miss)
41 http fetch GET 200 https://registry.npmjs.org/@types%2fserve-static 185ms (cache miss)
42 http fetch GET 200 https://registry.npmjs.org/@types%2fexpress-serve-static-core 197ms (cache miss)
43 http fetch GET 200 https://registry.npmjs.org/@types%2fbody-parser 205ms (cache miss)
44 timing idealTree:#root Completed in 212ms
45 silly placeDep ROOT @types/body-parser@1.19.5 OK for: @types/express@5.0.0 want: *
46 silly placeDep ROOT @types/express-serve-static-core@5.0.2 OK for: @types/express@5.0.0 want: ^5.0.0
47 silly placeDep ROOT @types/qs@6.9.17 OK for: @types/express@5.0.0 want: *
48 silly placeDep ROOT @types/serve-static@1.15.7 OK for: @types/express@5.0.0 want: *
49 silly fetch manifest @types/node@*
50 silly fetch manifest @types/connect@*
51 silly fetch manifest @types/send@*
52 silly fetch manifest @types/range-parser@*
53 silly fetch manifest @types/http-errors@*
54 http fetch GET 200 https://registry.npmjs.org/@types%2fconnect 70ms (cache miss)
55 http fetch GET 200 https://registry.npmjs.org/@types%2fsend 89ms (cache miss)
56 http fetch GET 200 https://registry.npmjs.org/@types%2frange-parser 91ms (cache miss)
57 http fetch GET 200 https://registry.npmjs.org/@types%2fhttp-errors 161ms (cache miss)
58 http fetch GET 200 https://registry.npmjs.org/@types%2fnode 184ms (cache miss)
59 timing idealTree:node_modules/@types/express Completed in 214ms
60 silly placeDep ROOT @types/connect@3.4.38 OK for: @types/body-parser@1.19.5 want: *
61 silly placeDep ROOT @types/node@22.10.2 OK for: @types/body-parser@1.19.5 want: *
62 silly fetch manifest undici-types@~6.20.0
63 http fetch GET 200 https://registry.npmjs.org/undici-types 55ms (cache miss)
64 timing idealTree:node_modules/@types/body-parser Completed in 63ms
65 timing idealTree:node_modules/@types/connect Completed in 0ms
66 silly placeDep ROOT @types/range-parser@1.2.7 OK for: @types/express-serve-static-core@5.0.2 want: *
67 silly placeDep ROOT @types/send@0.17.4 OK for: @types/express-serve-static-core@5.0.2 want: *
68 silly fetch manifest @types/mime@^1
69 http fetch GET 200 https://registry.npmjs.org/@types%2fmime 72ms (cache miss)
70 timing idealTree:node_modules/@types/express-serve-static-core Completed in 77ms
71 silly placeDep ROOT undici-types@6.20.0 OK for: @types/node@22.10.2 want: ~6.20.0
72 timing idealTree:node_modules/@types/node Completed in 5ms
73 timing idealTree:node_modules/@types/qs Completed in 0ms
74 timing idealTree:node_modules/@types/range-parser Completed in 0ms
75 silly placeDep ROOT @types/mime@1.3.5 OK for: @types/send@0.17.4 want: ^1
76 timing idealTree:node_modules/@types/send Completed in 2ms
77 timing idealTree:node_modules/@types/mime Completed in 0ms
78 silly placeDep ROOT @types/http-errors@2.0.4 OK for: @types/serve-static@1.15.7 want: *
79 timing idealTree:node_modules/@types/serve-static Completed in 2ms
80 timing idealTree:node_modules/@types/http-errors Completed in 0ms
81 timing idealTree:node_modules/undici-types Completed in 0ms
82 timing idealTree:buildDeps Completed in 578ms
83 timing idealTree:fixDepFlags Completed in 1ms
84 timing idealTree Completed in 794ms
85 timing reify:loadTrees Completed in 795ms
86 timing reify:diffTrees Completed in 2ms
87 silly reify moves {}
88 timing reify:retireShallow Completed in 1ms
89 timing reify:createSparse Completed in 7ms
90 timing reify:loadBundles Completed in 0ms
91 silly audit bulk request {
91 silly audit   'types-registry': [ '0.1.701' ],
91 silly audit   '@types/express': [ '5.0.0' ],
91 silly audit   '@types/body-parser': [ '1.19.5' ],
91 silly audit   '@types/express-serve-static-core': [ '5.0.2' ],
91 silly audit   '@types/qs': [ '6.9.17' ],
91 silly audit   '@types/serve-static': [ '1.15.7' ],
91 silly audit   '@types/connect': [ '3.4.38' ],
91 silly audit   '@types/node': [ '22.10.2' ],
91 silly audit   '@types/range-parser': [ '1.2.7' ],
91 silly audit   '@types/send': [ '0.17.4' ],
91 silly audit   'undici-types': [ '6.20.0' ],
91 silly audit   '@types/mime': [ '1.3.5' ],
91 silly audit   '@types/http-errors': [ '2.0.4' ]
91 silly audit }
92 silly tarball no local data for undici-types@https://registry.npmjs.org/undici-types/-/undici-types-6.20.0.tgz. Extracting by manifest.
93 silly tarball no local data for @types/mime@https://registry.npmjs.org/@types/mime/-/mime-1.3.5.tgz. Extracting by manifest.
94 silly tarball no local data for @types/send@https://registry.npmjs.org/@types/send/-/send-0.17.4.tgz. Extracting by manifest.
95 silly tarball no local data for @types/node@https://registry.npmjs.org/@types/node/-/node-22.10.2.tgz. Extracting by manifest.
96 silly tarball no local data for @types/connect@https://registry.npmjs.org/@types/connect/-/connect-3.4.38.tgz. Extracting by manifest.
97 silly tarball no local data for @types/serve-static@https://registry.npmjs.org/@types/serve-static/-/serve-static-1.15.7.tgz. Extracting by manifest.
98 silly tarball no local data for @types/qs@https://registry.npmjs.org/@types/qs/-/qs-6.9.17.tgz. Extracting by manifest.
99 silly tarball no local data for @types/express-serve-static-core@https://registry.npmjs.org/@types/express-serve-static-core/-/express-serve-static-core-5.0.2.tgz. Extracting by manifest.
100 silly tarball no local data for @types/body-parser@https://registry.npmjs.org/@types/body-parser/-/body-parser-1.19.5.tgz. Extracting by manifest.
101 silly tarball no local data for @types/express@https://registry.npmjs.org/@types/express/-/express-5.0.0.tgz. Extracting by manifest.
102 silly tarball no local data for @types/range-parser@https://registry.npmjs.org/@types/range-parser/-/range-parser-1.2.7.tgz. Extracting by manifest.
103 silly tarball no local data for @types/http-errors@https://registry.npmjs.org/@types/http-errors/-/http-errors-2.0.4.tgz. Extracting by manifest.
104 http fetch GET 200 https://registry.npmjs.org/@types/mime/-/mime-1.3.5.tgz 173ms (cache miss)
105 timing reifyNode:node_modules/@types/mime Completed in 192ms
106 http fetch GET 200 https://registry.npmjs.org/@types/send/-/send-0.17.4.tgz 173ms (cache miss)
107 timing reifyNode:node_modules/@types/send Completed in 196ms
108 http fetch GET 200 https://registry.npmjs.org/@types/serve-static/-/serve-static-1.15.7.tgz 223ms (cache miss)
109 timing reifyNode:node_modules/@types/serve-static Completed in 269ms
110 http fetch GET 200 https://registry.npmjs.org/@types/connect/-/connect-3.4.38.tgz 243ms (cache miss)
111 timing reifyNode:node_modules/@types/connect Completed in 277ms
112 http fetch GET 200 https://registry.npmjs.org/@types/http-errors/-/http-errors-2.0.4.tgz 194ms (cache miss)
113 timing reifyNode:node_modules/@types/http-errors Completed in 281ms
114 http fetch GET 200 https://registry.npmjs.org/@types/qs/-/qs-6.9.17.tgz 233ms (cache miss)
115 timing reifyNode:node_modules/@types/qs Completed in 285ms
116 http fetch GET 200 https://registry.npmjs.org/@types/express/-/express-5.0.0.tgz 212ms (cache miss)
117 timing reifyNode:node_modules/@types/express Completed in 289ms
118 http fetch GET 200 https://registry.npmjs.org/@types/body-parser/-/body-parser-1.19.5.tgz 229ms (cache miss)
119 timing reifyNode:node_modules/@types/body-parser Completed in 302ms
120 http fetch GET 200 https://registry.npmjs.org/@types/express-serve-static-core/-/express-serve-static-core-5.0.2.tgz 257ms (cache miss)
121 timing reifyNode:node_modules/@types/express-serve-static-core Completed in 312ms
122 http fetch POST 200 https://registry.npmjs.org/-/npm/v1/security/advisories/bulk 314ms
123 timing auditReport:getReport Completed in 318ms
124 silly audit report {}
125 timing auditReport:init Completed in 0ms
126 timing reify:audit Completed in 318ms
127 http fetch GET 200 https://registry.npmjs.org/@types/range-parser/-/range-parser-1.2.7.tgz 233ms (cache miss)
128 timing reifyNode:node_modules/@types/range-parser Completed in 317ms
129 http fetch GET 200 https://registry.npmjs.org/undici-types/-/undici-types-6.20.0.tgz 307ms (cache miss)
130 timing reifyNode:node_modules/undici-types Completed in 321ms
131 http fetch GET 200 https://registry.npmjs.org/@types/node/-/node-22.10.2.tgz 378ms (cache miss)
132 timing reifyNode:node_modules/@types/node Completed in 407ms
133 timing reify:unpack Completed in 407ms
134 timing reify:unretire Completed in 2ms
135 timing build:queue Completed in 1ms
136 timing build:deps Completed in 2ms
137 timing build Completed in 2ms
138 timing reify:build Completed in 2ms
139 timing reify:trash Completed in 0ms
140 timing reify:save Completed in 15ms
141 timing reify Completed in 1255ms
142 silly ADD node_modules/@types/http-errors
143 silly ADD node_modules/@types/mime
144 silly ADD node_modules/undici-types
145 silly ADD node_modules/@types/send
146 silly ADD node_modules/@types/range-parser
147 silly ADD node_modules/@types/node
148 silly ADD node_modules/@types/connect
149 silly ADD node_modules/@types/serve-static
150 silly ADD node_modules/@types/qs
151 silly ADD node_modules/@types/express-serve-static-core
152 silly ADD node_modules/@types/body-parser
153 silly ADD node_modules/@types/express
154 timing command:install Completed in 1259ms
155 verbose exit 0
156 timing npm Completed in 1664ms
157 info ok
