2024-12-30 21:31:04.741 [info] [main] Log level: Info
2024-12-30 21:31:04.742 [info] [main] Validating found git in: "git"
2024-12-30 21:31:04.742 [info] [main] Using git "2.34.1" from "git"
2024-12-30 21:31:04.742 [info] [Model][doInitialScan] Initial repository scan started
2024-12-30 21:31:04.742 [info] > git rev-parse --show-toplevel [8ms]
2024-12-30 21:31:04.742 [info] > git rev-parse --git-dir --git-common-dir [2ms]
2024-12-30 21:31:04.742 [info] [Model][openRepository] Opened repository: /home/mahesh/frappe-helpdesk/flaskBlog
2024-12-30 21:31:04.742 [info] > git config --get commit.template [5ms]
2024-12-30 21:31:04.742 [info] > git rev-parse --show-toplevel [10ms]
2024-12-30 21:31:04.742 [info] > git rev-parse --show-toplevel [1ms]
2024-12-30 21:31:04.742 [info] > git rev-parse --show-toplevel [16ms]
2024-12-30 21:31:04.742 [info] > git for-each-ref --format=%(refname)%00%(upstream:short)%00%(objectname)%00%(upstream:track)%00%(upstream:remotename)%00%(upstream:remoteref) refs/heads/main refs/remotes/main [30ms]
2024-12-30 21:31:04.742 [info] > git rev-parse --show-toplevel [4ms]
2024-12-30 21:31:04.742 [warning] [Git][revParse] Unable to read file: ENOENT: no such file or directory, open '/home/mahesh/frappe-helpdesk/flaskBlog/.git/refs/remotes/origin/main'
2024-12-30 21:31:04.742 [info] > git rev-parse refs/remotes/origin/main [11ms]
2024-12-30 21:31:04.742 [info] > git rev-parse --show-toplevel [22ms]
2024-12-30 21:31:04.746 [info] > git for-each-ref --sort -committerdate --format %(refname) %(objectname) %(*objectname) [16ms]
2024-12-30 21:31:04.748 [info] > git rev-parse --show-toplevel [4ms]
2024-12-30 21:31:04.764 [info] > git rev-parse --show-toplevel [3ms]
2024-12-30 21:31:04.769 [info] > git rev-parse --show-toplevel [1ms]
2024-12-30 21:31:04.775 [info] > git rev-parse --show-toplevel [2ms]
2024-12-30 21:31:04.779 [info] > git rev-parse --show-toplevel [1ms]
2024-12-30 21:31:04.783 [info] > git rev-parse --show-toplevel [2ms]
2024-12-30 21:31:04.788 [info] > git rev-parse --show-toplevel [2ms]
2024-12-30 21:31:04.792 [info] [Model][doInitialScan] Initial repository scan completed - repositories (1), closed repositories (0), parent repositories (0), unsafe repositories (0)
2024-12-30 21:31:05.117 [info] > git status -z -uall [401ms]
2024-12-30 21:31:05.139 [info] > git for-each-ref --format=%(refname)%00%(upstream:short)%00%(objectname)%00%(upstream:track)%00%(upstream:remotename)%00%(upstream:remoteref) refs/heads/main refs/remotes/main [8ms]
2024-12-30 21:31:05.144 [info] > git config --get commit.template [5ms]
2024-12-30 21:31:05.144 [info] > git config --local branch.main.vscode-merge-base [2ms]
2024-12-30 21:31:05.156 [info] > git for-each-ref --format=%(refname)%00%(upstream:short)%00%(objectname)%00%(upstream:track)%00%(upstream:remotename)%00%(upstream:remoteref) refs/heads/origin/main refs/remotes/origin/main [4ms]
2024-12-30 21:31:05.182 [info] > git merge-base refs/heads/main refs/remotes/origin/main [21ms]
2024-12-30 21:31:05.186 [info] > git for-each-ref --format=%(refname)%00%(upstream:short)%00%(objectname)%00%(upstream:track)%00%(upstream:remotename)%00%(upstream:remoteref) refs/heads/main refs/remotes/main [31ms]
2024-12-30 21:31:05.197 [warning] [Git][revParse] Unable to read file: ENOENT: no such file or directory, open '/home/mahesh/frappe-helpdesk/flaskBlog/.git/refs/remotes/origin/main'
2024-12-30 21:31:05.197 [info] > git diff --name-status -z --diff-filter=ADMR e4725315899523085f2e81b4eba9c827a8159e5e...refs/remotes/origin/main [11ms]
2024-12-30 21:31:05.199 [info] > git rev-parse refs/remotes/origin/main [1ms]
2024-12-30 21:31:05.204 [info] > git for-each-ref --sort -committerdate --format %(refname) %(objectname) %(*objectname) [1ms]
2024-12-30 21:31:05.409 [info] > git status -z -uall [209ms]
2024-12-30 21:31:25.261 [info] > git check-ignore -v -z --stdin [1ms]
2024-12-30 21:33:41.488 [info] > git ls-files --stage -- /home/mahesh/frappe-helpdesk/flaskBlog/templates/tailwindUI/changePassword.html.jinja [30ms]
2024-12-30 21:33:41.500 [info] > git show --textconv :templates/tailwindUI/changePassword.html.jinja [45ms]
2024-12-30 21:33:41.500 [info] > git cat-file -s a0a96dffa280ddd2d6c99f304c1cffa39e349359 [9ms]
2024-12-30 21:33:41.715 [info] > git check-ignore -v -z --stdin [3ms]
2024-12-30 21:33:52.313 [info] > git blame --root --incremental e4725315899523085f2e81b4eba9c827a8159e5e -- /home/mahesh/frappe-helpdesk/flaskBlog/templates/tailwindUI/changePassword.html.jinja [29ms]
2024-12-30 21:33:56.771 [info] > git log --format=%H%n%aN%n%aE%n%at%n%ct%n%P%n%D%n%B -z --shortstat --diff-merges=first-parent -n50 --skip=0 --topo-order --decorate=full --stdin [193ms]
2024-12-30 21:34:05.667 [info] > git show --textconv :templates/tailwindUI/changePassword.html.jinja [4ms]
2024-12-30 21:34:05.668 [info] > git ls-files --stage -- /home/mahesh/frappe-helpdesk/flaskBlog/templates/tailwindUI/changePassword.html.jinja [2ms]
2024-12-30 21:34:05.673 [info] > git cat-file -s a0a96dffa280ddd2d6c99f304c1cffa39e349359 [2ms]
2024-12-30 21:36:55.210 [info] > git check-ignore -v -z --stdin [1ms]
2024-12-30 21:40:07.730 [info] > git show --textconv :templates/tailwindUI/const express = require('express');.js [6ms]
2024-12-30 21:40:07.731 [info] > git ls-files --stage -- /home/mahesh/frappe-helpdesk/flaskBlog/templates/tailwindUI/const express = require('express');.js [4ms]
2024-12-30 21:40:07.750 [info] > git blame --root --incremental e4725315899523085f2e81b4eba9c827a8159e5e -- /home/mahesh/frappe-helpdesk/flaskBlog/templates/tailwindUI/const express = require('express');.js [4ms]
2024-12-30 21:40:07.750 [info] fatal: no such path templates/tailwindUI/const express = require('express');.js in e4725315899523085f2e81b4eba9c827a8159e5e
2024-12-30 21:40:08.072 [info] > git check-ignore -v -z --stdin [5ms]
2024-12-30 21:40:08.676 [info] > git config --get commit.template [4ms]
2024-12-30 21:40:08.691 [info] > git for-each-ref --format=%(refname)%00%(upstream:short)%00%(objectname)%00%(upstream:track)%00%(upstream:remotename)%00%(upstream:remoteref) refs/heads/main refs/remotes/main [16ms]
2024-12-30 21:40:08.694 [warning] [Git][revParse] Unable to read file: ENOENT: no such file or directory, open '/home/mahesh/frappe-helpdesk/flaskBlog/.git/refs/remotes/origin/main'
2024-12-30 21:40:08.696 [info] > git rev-parse refs/remotes/origin/main [2ms]
2024-12-30 21:40:08.711 [info] > git for-each-ref --sort -committerdate --format %(refname) %(objectname) %(*objectname) [11ms]
2024-12-30 21:40:09.004 [info] > git status -z -uall [307ms]
2024-12-30 21:40:27.385 [info] > git log --format=%H%n%aN%n%aE%n%at%n%ct%n%P%n%D%n%B -z --shortstat --diff-merges=first-parent -n50 --skip=0 --topo-order --decorate=full --stdin [186ms]
2024-12-30 21:40:35.468 [info] > git show --textconv HEAD:templates/tailwindUI/const express = require('express');.js [4ms]
2024-12-30 21:40:35.469 [info] > git ls-tree -l HEAD -- /home/mahesh/frappe-helpdesk/flaskBlog/templates/tailwindUI/const express = require('express');.js [1ms]
2024-12-30 21:41:07.189 [info] > git show --textconv :templates/tailwindUI/const express = require('express');.js [4ms]
2024-12-30 21:41:07.190 [info] > git ls-files --stage -- /home/mahesh/frappe-helpdesk/flaskBlog/templates/tailwindUI/const express = require('express');.js [2ms]
2024-12-30 21:41:11.505 [info] > git show --textconv :templates/tailwindUI/const express = require('express');.js [3ms]
2024-12-30 21:41:11.506 [info] > git ls-files --stage -- /home/mahesh/frappe-helpdesk/flaskBlog/templates/tailwindUI/const express = require('express');.js [1ms]
2024-12-30 21:41:14.669 [info] > git add -A -- /home/mahesh/frappe-helpdesk/flaskBlog/templates/tailwindUI/const express = require('express');.js [187ms]
2024-12-30 21:41:14.673 [info] > git config --get commit.template [0ms]
2024-12-30 21:41:14.676 [info] > git for-each-ref --format=%(refname)%00%(upstream:short)%00%(objectname)%00%(upstream:track)%00%(upstream:remotename)%00%(upstream:remoteref) refs/heads/main refs/remotes/main [0ms]
2024-12-30 21:41:14.678 [warning] [Git][revParse] Unable to read file: ENOENT: no such file or directory, open '/home/mahesh/frappe-helpdesk/flaskBlog/.git/refs/remotes/origin/main'
2024-12-30 21:41:14.679 [info] > git rev-parse refs/remotes/origin/main [1ms]
2024-12-30 21:41:14.683 [info] > git status -z -uall [3ms]
2024-12-30 21:41:14.683 [info] > git for-each-ref --sort -committerdate --format %(refname) %(objectname) %(*objectname) [1ms]
2024-12-30 21:41:15.856 [info] > git config --get commit.template [4ms]
2024-12-30 21:41:15.858 [info] > git for-each-ref --format=%(refname)%00%(upstream:short)%00%(objectname)%00%(upstream:track)%00%(upstream:remotename)%00%(upstream:remoteref) refs/heads/main refs/remotes/main [2ms]
2024-12-30 21:41:15.863 [warning] [Git][revParse] Unable to read file: ENOENT: no such file or directory, open '/home/mahesh/frappe-helpdesk/flaskBlog/.git/refs/remotes/origin/main'
2024-12-30 21:41:15.864 [info] > git rev-parse refs/remotes/origin/main [1ms]
2024-12-30 21:41:15.871 [info] > git status -z -uall [3ms]
2024-12-30 21:41:15.872 [info] > git for-each-ref --sort -committerdate --format %(refname) %(objectname) %(*objectname) [1ms]
2024-12-30 21:41:20.883 [info] > git config --get commit.template [2ms]
2024-12-30 21:41:20.886 [info] > git for-each-ref --format=%(refname)%00%(upstream:short)%00%(objectname)%00%(upstream:track)%00%(upstream:remotename)%00%(upstream:remoteref) refs/heads/main refs/remotes/main [1ms]
2024-12-30 21:41:20.888 [warning] [Git][revParse] Unable to read file: ENOENT: no such file or directory, open '/home/mahesh/frappe-helpdesk/flaskBlog/.git/refs/remotes/origin/main'
2024-12-30 21:41:20.889 [info] > git rev-parse refs/remotes/origin/main [1ms]
2024-12-30 21:41:20.895 [info] > git status -z -uall [4ms]
2024-12-30 21:41:20.896 [info] > git for-each-ref --sort -committerdate --format %(refname) %(objectname) %(*objectname) [2ms]
2024-12-30 21:42:15.272 [info] > git show --textconv :templates/tailwindUI/changePassword.html.jinja [2ms]
2024-12-30 21:42:15.273 [info] > git ls-files --stage -- /home/mahesh/frappe-helpdesk/flaskBlog/templates/tailwindUI/changePassword.html.jinja [2ms]
2024-12-30 21:42:15.278 [info] > git cat-file -s a0a96dffa280ddd2d6c99f304c1cffa39e349359 [2ms]
2024-12-30 21:45:51.092 [info] > git show --textconv :templates/tailwindUI/changePassword.html.jinja [3ms]
2024-12-30 21:45:51.092 [info] > git ls-files --stage -- /home/mahesh/frappe-helpdesk/flaskBlog/templates/tailwindUI/changePassword.html.jinja [1ms]
2024-12-30 21:45:51.096 [info] > git cat-file -s a0a96dffa280ddd2d6c99f304c1cffa39e349359 [1ms]
2024-12-30 21:46:06.628 [info] > git check-ignore -v -z --stdin [1ms]
2024-12-30 21:55:46.730 [info] > git show --textconv :templates/tailwindUI/adminPanel.html.jinja [3ms]
2024-12-30 21:55:46.731 [info] > git ls-files --stage -- /home/mahesh/frappe-helpdesk/flaskBlog/templates/tailwindUI/adminPanel.html.jinja [3ms]
2024-12-30 21:55:46.735 [info] > git cat-file -s e8a8407cec826a28134b62f39107d5546dd1f27e [1ms]
2024-12-30 21:55:47.616 [info] > git config --get commit.template [3ms]
2024-12-30 21:55:47.616 [info] > git for-each-ref --format=%(refname)%00%(upstream:short)%00%(objectname)%00%(upstream:track)%00%(upstream:remotename)%00%(upstream:remoteref) refs/heads/main refs/remotes/main [1ms]
2024-12-30 21:55:47.623 [warning] [Git][revParse] Unable to read file: ENOENT: no such file or directory, open '/home/mahesh/frappe-helpdesk/flaskBlog/.git/refs/remotes/origin/main'
2024-12-30 21:55:47.623 [info] > git rev-parse refs/remotes/origin/main [0ms]
2024-12-30 21:55:47.628 [info] > git status -z -uall [3ms]
2024-12-30 21:55:47.629 [info] > git for-each-ref --sort -committerdate --format %(refname) %(objectname) %(*objectname) [1ms]
