2024-12-31 16:31:52.385 [info] [main] Log level: Info
2024-12-31 16:31:52.386 [info] [main] Validating found git in: "git"
2024-12-31 16:31:52.399 [info] [main] Using git "2.34.1" from "git"
2024-12-31 16:31:52.399 [info] [Model][doInitialScan] Initial repository scan started
2024-12-31 16:31:52.414 [info] > git rev-parse --show-toplevel [7ms]
2024-12-31 16:31:52.424 [info] [Model][doInitialScan] Initial repository scan completed - repositories (0), closed repositories (0), parent repositories (1), unsafe repositories (0)
2024-12-31 16:32:00.911 [info] > git rev-parse --show-toplevel [15ms]
2024-12-31 16:38:54.030 [info] > git rev-parse --show-toplevel [25ms]
2024-12-31 16:39:28.284 [info] > git rev-parse --show-toplevel [3ms]
2024-12-31 16:40:02.137 [info] > git rev-parse --show-toplevel [1ms]
2024-12-31 16:40:19.897 [info] > git rev-parse --show-toplevel [2ms]
2024-12-31 16:40:20.842 [info] > git rev-parse --show-toplevel [3ms]
2024-12-31 16:40:23.708 [info] > git rev-parse --show-toplevel [2ms]
2024-12-31 16:40:24.378 [info] > git rev-parse --show-toplevel [1ms]
2024-12-31 16:40:25.171 [info] > git rev-parse --show-toplevel [1ms]
2024-12-31 16:40:25.829 [info] > git rev-parse --show-toplevel [1ms]
2024-12-31 16:40:41.773 [info] > git rev-parse --show-toplevel [2ms]
2024-12-31 16:40:42.507 [info] > git rev-parse --show-toplevel [2ms]
2024-12-31 16:40:43.317 [info] > git rev-parse --show-toplevel [1ms]
2024-12-31 16:40:44.099 [info] > git rev-parse --show-toplevel [1ms]
2024-12-31 16:40:59.279 [info] > git rev-parse --show-toplevel [3ms]
2024-12-31 16:41:38.223 [info] > git rev-parse --show-toplevel [2ms]
2024-12-31 16:42:03.459 [info] > git rev-parse --show-toplevel [2ms]
2024-12-31 16:42:09.912 [info] > git rev-parse --show-toplevel [6ms]
2024-12-31 16:42:12.901 [info] > git rev-parse --show-toplevel [9ms]
2024-12-31 16:42:16.529 [info] > git rev-parse --show-toplevel [2ms]
2024-12-31 16:42:18.793 [info] > git rev-parse --show-toplevel [3ms]
2024-12-31 16:42:22.244 [info] > git rev-parse --show-toplevel [3ms]
2024-12-31 16:42:36.290 [info] > git rev-parse --show-toplevel [1ms]
2024-12-31 16:42:57.376 [info] > git rev-parse --show-toplevel [12ms]
2024-12-31 16:43:11.306 [info] > git rev-parse --show-toplevel [2ms]
2024-12-31 16:43:17.150 [info] > git rev-parse --show-toplevel [3ms]
2024-12-31 16:43:19.312 [info] > git rev-parse --show-toplevel [5ms]
2024-12-31 16:48:22.167 [info] > git rev-parse --show-toplevel [45ms]
2024-12-31 16:48:38.496 [info] > git rev-parse --show-toplevel [2ms]
2024-12-31 16:49:31.770 [info] > git rev-parse --show-toplevel [33ms]
2024-12-31 16:49:31.776 [info] > git rev-parse --show-toplevel [1ms]
2024-12-31 16:49:31.782 [info] > git rev-parse --show-toplevel [1ms]
2024-12-31 16:49:31.786 [info] > git rev-parse --show-toplevel [1ms]
2024-12-31 16:49:31.795 [info] > git rev-parse --show-toplevel [2ms]
2024-12-31 16:49:31.806 [info] > git rev-parse --show-toplevel [1ms]
2024-12-31 16:49:31.817 [info] > git rev-parse --show-toplevel [2ms]
2024-12-31 16:49:31.822 [info] > git rev-parse --show-toplevel [1ms]
2024-12-31 16:49:31.826 [info] > git rev-parse --show-toplevel [1ms]
2024-12-31 16:49:31.830 [info] > git rev-parse --show-toplevel [1ms]
2024-12-31 16:49:31.834 [info] > git rev-parse --show-toplevel [1ms]
2024-12-31 16:49:31.839 [info] > git rev-parse --show-toplevel [1ms]
2024-12-31 16:49:31.843 [info] > git rev-parse --show-toplevel [1ms]
2024-12-31 16:49:31.847 [info] > git rev-parse --show-toplevel [1ms]
2024-12-31 16:49:31.850 [info] > git rev-parse --show-toplevel [0ms]
2024-12-31 16:49:31.853 [info] > git rev-parse --show-toplevel [1ms]
2024-12-31 16:49:31.857 [info] > git rev-parse --show-toplevel [1ms]
2024-12-31 16:49:31.860 [info] > git rev-parse --show-toplevel [1ms]
2024-12-31 16:50:01.467 [info] > git rev-parse --show-toplevel [1ms]
2024-12-31 16:52:36.345 [info] > git rev-parse --show-toplevel [36ms]
2024-12-31 21:18:23.556 [info] > git rev-parse --show-toplevel [5ms]
2024-12-31 21:26:32.301 [info] > git rev-parse --show-toplevel [4ms]
2024-12-31 21:26:42.292 [info] > git rev-parse --show-toplevel [1ms]
2024-12-31 21:27:05.928 [info] > git rev-parse --show-toplevel [1ms]
2024-12-31 21:27:09.870 [info] > git rev-parse --show-toplevel [5ms]
2024-12-31 21:27:23.380 [info] > git rev-parse --show-toplevel [2ms]
2024-12-31 21:27:30.136 [info] > git rev-parse --show-toplevel [1ms]
2024-12-31 21:27:32.705 [info] > git rev-parse --show-toplevel [25ms]
2024-12-31 21:27:32.749 [info] > git rev-parse --show-toplevel [4ms]
2025-01-02 21:50:46.811 [info] > git rev-parse --show-toplevel [27ms]
2025-01-02 21:50:47.531 [info] > git rev-parse --show-toplevel [4ms]
2025-01-02 21:51:04.935 [info] > git rev-parse --show-toplevel [2ms]
2025-01-02 21:51:06.693 [info] > git rev-parse --show-toplevel [25ms]
2025-01-02 21:51:08.951 [info] > git rev-parse --show-toplevel [1ms]
2025-01-02 21:51:10.836 [info] > git rev-parse --show-toplevel [4ms]
2025-01-02 21:51:15.445 [info] > git rev-parse --show-toplevel [2ms]
2025-01-02 21:51:16.928 [info] > git rev-parse --show-toplevel [1ms]
2025-01-02 21:51:20.356 [info] > git rev-parse --show-toplevel [1ms]
2025-01-02 21:51:24.599 [info] > git rev-parse --show-toplevel [5ms]
2025-01-02 22:14:03.291 [info] > git rev-parse --show-toplevel [4ms]
2025-01-02 22:14:04.191 [info] > git rev-parse --show-toplevel [3ms]
2025-01-03 03:54:09.793 [info] > git rev-parse --show-toplevel [3ms]
2025-01-03 04:15:41.595 [info] > git rev-parse --show-toplevel [2ms]
2025-01-03 04:15:42.454 [info] > git rev-parse --show-toplevel [2ms]
2025-01-03 04:15:44.436 [info] > git rev-parse --show-toplevel [1ms]
